0 info it worked if it ends with ok
1 verbose cli [ '/Users/jamiewilson/.nvm/versions/io.js/v1.8.4/bin/iojs',
1 verbose cli   '/Users/jamiewilson/.nvm/versions/io.js/v1.8.4/bin/npm',
1 verbose cli   'publish',
1 verbose cli   './' ]
2 info using npm@2.9.0
3 info using node@v1.8.4
4 verbose publish [ './' ]
5 silly cache add args [ './', null ]
6 verbose cache add spec ./
7 silly cache add parsed spec { raw: './',
7 silly cache add   scope: null,
7 silly cache add   name: null,
7 silly cache add   rawSpec: './',
7 silly cache add   spec: '/Users/jamiewilson/Hoist/hoist-docs',
7 silly cache add   type: 'directory' }
8 verbose addLocalDirectory /Users/jamiewilson/.npm/@hoist/docs/1.0.2/package.tgz not in flight; packing
9 verbose tar pack [ '/Users/jamiewilson/.npm/@hoist/docs/1.0.2/package.tgz',
9 verbose tar pack   '/Users/jamiewilson/Hoist/hoist-docs' ]
10 verbose tarball /Users/jamiewilson/.npm/@hoist/docs/1.0.2/package.tgz
11 verbose folder /Users/jamiewilson/Hoist/hoist-docs
12 info prepublish @hoist/docs@1.0.2
13 verbose addLocalTarball adding from inside cache /Users/jamiewilson/.npm/@hoist/docs/1.0.2/package.tgz
14 silly cache afterAdd @hoist/docs@1.0.2
15 verbose afterAdd /Users/jamiewilson/.npm/@hoist/docs/1.0.2/package/package.json not in flight; writing
16 verbose afterAdd /Users/jamiewilson/.npm/@hoist/docs/1.0.2/package/package.json written
17 silly publish { name: '@hoist/docs',
17 silly publish   version: '1.0.2',
17 silly publish   description: 'Hoist\'s Documentation',
17 silly publish   main: 'lib/index.js',
17 silly publish   repository:
17 silly publish    { type: 'git',
17 silly publish      url: 'git+ssh://git@github.com/hoist/hoist-docs.git' },
17 silly publish   author: { name: 'Hoist Apps Ltd' },
17 silly publish   license: 'ISC',
17 silly publish   bugs: { url: 'https://github.com/hoist/hoist-docs/issues' },
17 silly publish   homepage: 'https://github.com/hoist/hoist-docs',
17 silly publish   dependencies: { inert: '^3.0.1', lodash: '^3.10.1', marked: '^0.3.5' },
17 silly publish   devDependencies:
17 silly publish    { boom: '^2.8.0',
17 silly publish      handlebars: '^4.0.0',
17 silly publish      hapi: '^9.0.3',
17 silly publish      hoek: '^2.14.0',
17 silly publish      inert: '^3.0.1',
17 silly publish      vision: '^3.0.0' },
17 silly publish   scripts: { start: 'node server.js' },
17 silly publish   gitHead: '6822966d909d9bb86fd7e4440175fae46215337b',
17 silly publish   readme: 'ERROR: No README data found!',
17 silly publish   _id: '@hoist/docs@1.0.2',
17 silly publish   _shasum: '4ab838da0a4c927e72e20ed6e820cd8a209fc442',
17 silly publish   _from: '.' }
18 verbose getPublishConfig undefined
19 silly mapToRegistry name @hoist/docs
20 silly mapToRegistry scope (from package name) @hoist
21 verbose mapToRegistry no registry URL found in name for scope @hoist
22 silly mapToRegistry using default registry
23 silly mapToRegistry registry https://registry.npmjs.org/
24 silly mapToRegistry uri https://registry.npmjs.org/@hoist%2fdocs
25 verbose publish registryBase https://registry.npmjs.org/
26 silly publish uploading /Users/jamiewilson/.npm/@hoist/docs/1.0.2/package.tgz
27 verbose request uri https://registry.npmjs.org/@hoist%2fdocs
28 verbose request sending authorization for write operation
29 info attempt registry request try #1 at 11:10:38
30 verbose request using bearer token for auth
31 verbose request id f307a21e98125d5a
32 http request PUT https://registry.npmjs.org/@hoist%2fdocs
33 http 403 https://registry.npmjs.org/@hoist%2fdocs
34 verbose headers { 'content-type': 'application/json',
34 verbose headers   'cache-control': 'max-age=0',
34 verbose headers   'content-length': '95',
34 verbose headers   'accept-ranges': 'bytes',
34 verbose headers   date: 'Wed, 02 Sep 2015 18:10:41 GMT',
34 verbose headers   via: '1.1 varnish',
34 verbose headers   connection: 'keep-alive',
34 verbose headers   'x-served-by': 'cache-atl6227-ATL',
34 verbose headers   'x-cache': 'MISS',
34 verbose headers   'x-cache-hits': '0',
34 verbose headers   'x-timer': 'S1441217439.935324,VS0,VE1347' }
35 verbose request invalidating /Users/jamiewilson/.npm/registry.npmjs.org/_40hoist_252fdocs on PUT
36 error publish Failed PUT 403
37 verbose stack Error: "You cannot publish over the previously published version 1.0.2." : @hoist/docs
37 verbose stack     at CachingRegistryClient.<anonymous> (/Users/jamiewilson/.nvm/versions/io.js/v1.8.4/lib/node_modules/npm/node_modules/npm-registry-client/lib/request.js:247:14)
37 verbose stack     at Request._callback (/Users/jamiewilson/.nvm/versions/io.js/v1.8.4/lib/node_modules/npm/node_modules/npm-registry-client/lib/request.js:170:14)
37 verbose stack     at Request.self.callback (/Users/jamiewilson/.nvm/versions/io.js/v1.8.4/lib/node_modules/npm/node_modules/request/request.js:368:22)
37 verbose stack     at emitTwo (events.js:87:13)
37 verbose stack     at Request.emit (events.js:169:7)
37 verbose stack     at Request.<anonymous> (/Users/jamiewilson/.nvm/versions/io.js/v1.8.4/lib/node_modules/npm/node_modules/request/request.js:1219:14)
37 verbose stack     at emitOne (events.js:82:20)
37 verbose stack     at Request.emit (events.js:166:7)
37 verbose stack     at IncomingMessage.<anonymous> (/Users/jamiewilson/.nvm/versions/io.js/v1.8.4/lib/node_modules/npm/node_modules/request/request.js:1167:12)
37 verbose stack     at emitNone (events.js:72:20)
38 verbose statusCode 403
39 verbose pkgid @hoist/docs
40 verbose cwd /Users/jamiewilson/Hoist/hoist-docs
41 error Darwin 15.0.0
42 error argv "/Users/jamiewilson/.nvm/versions/io.js/v1.8.4/bin/iojs" "/Users/jamiewilson/.nvm/versions/io.js/v1.8.4/bin/npm" "publish" "./"
43 error node v1.8.4
44 error npm  v2.9.0
45 error code E403
46 error "You cannot publish over the previously published version 1.0.2." : @hoist/docs
47 error If you need help, you may report this error at:
47 error     <https://github.com/npm/npm/issues>
48 verbose exit [ 1, true ]
